<?xml version="1.0" encoding="utf-8"?><testsuites name="pytest tests"><testsuite name="pytest" errors="0" failures="0" skipped="0" tests="11" time="1.041" timestamp="2026-06-08T11:11:42.129052+00:00" hostname="agent-env-57cbb41a-63eb-40c8-b189-2580def53268"><testcase classname="backend.tests.backend_test" name="test_root_ok" time="0.245" /><testcase classname="backend.tests.backend_test" name="test_doctors_returns_five" time="0.049" /><testcase classname="backend.tests.backend_test" name="test_doctor_credentials" time="0.048" /><testcase classname="backend.tests.backend_test" name="test_contact_create_and_persist" time="0.132" /><testcase classname="backend.tests.backend_test" name="test_contact_invalid_email" time="0.047" /><testcase classname="backend.tests.backend_test" name="test_contact_missing_email" time="0.044" /><testcase classname="backend.tests.backend_test" name="test_contact_missing_name" time="0.045" /><testcase classname="backend.tests.backend_test" name="test_appointment_create_and_persist" time="0.101" /><testcase classname="backend.tests.backend_test" name="test_appointment_missing_doctor" time="0.044" /><testcase classname="backend.tests.backend_test" name="test_appointment_missing_required" time="0.044" /><testcase classname="backend.tests.backend_test" name="test_appointment_optional_email_none" time="0.045" /></testsuite></testsuites>